{
  "RSpec": {
    "coverage": {
      "/Users/stillymonster/3Mod/3mod_work/BE_APP/app/helpers/application_helper.rb": {
        "lines": [
          1,
          null
        ]
      },
      "/Users/stillymonster/3Mod/3mod_work/BE_APP/app/helpers/users_helper.rb": {
        "lines": [
          1,
          null
        ]
      },
      "/Users/stillymonster/3Mod/3mod_work/BE_APP/app/services/market_service.rb": {
        "lines": [
          1,
          1,
          0,
          null,
          null,
          1,
          0,
          0,
          null,
          null,
          1,
          0,
          null,
          null,
          1,
          0,
          null,
          null
        ]
      },
      "/Users/stillymonster/3Mod/3mod_work/BE_APP/app/channels/application_cable/channel.rb": {
        "lines": [
          0,
          0,
          0,
          0
        ],
        "branches": {
        }
      },
      "/Users/stillymonster/3Mod/3mod_work/BE_APP/app/channels/application_cable/connection.rb": {
        "lines": [
          0,
          0,
          0,
          0
        ],
        "branches": {
        }
      },
      "/Users/stillymonster/3Mod/3mod_work/BE_APP/app/controllers/api/v1/market_routes_controller.rb": {
        "lines": [
          0,
          0,
          0,
          0,
          0,
          0,
          0,
          0
        ],
        "branches": {
        }
      },
      "/Users/stillymonster/3Mod/3mod_work/BE_APP/app/controllers/api/v1/transit_routes_controller.rb": {
        "lines": [
          0,
          0,
          0,
          0,
          0,
          0,
          0,
          0,
          0,
          0
        ],
        "branches": {
        }
      },
      "/Users/stillymonster/3Mod/3mod_work/BE_APP/app/controllers/application_controller.rb": {
        "lines": [
          0,
          0,
          null,
          0,
          0,
          0,
          0
        ],
        "branches": {
        }
      },
      "/Users/stillymonster/3Mod/3mod_work/BE_APP/app/controllers/sessions_controller.rb": {
        "lines": [
          0,
          0,
          0,
          null,
          0,
          0,
          0,
          0,
          0,
          0,
          0,
          0,
          0,
          0,
          0
        ],
        "branches": {
        }
      },
      "/Users/stillymonster/3Mod/3mod_work/BE_APP/app/controllers/users_controller.rb": {
        "lines": [
          0,
          0,
          null,
          0,
          0,
          0,
          null,
          0,
          null,
          0,
          0,
          0,
          0
        ],
        "branches": {
        }
      },
      "/Users/stillymonster/3Mod/3mod_work/BE_APP/app/facades/market_search.rb": {
        "lines": [
          0,
          0,
          0,
          0,
          0,
          0,
          0,
          0,
          null,
          0,
          0,
          0,
          0,
          0,
          0
        ],
        "branches": {
        }
      },
      "/Users/stillymonster/3Mod/3mod_work/BE_APP/app/facades/transit_facade.rb": {
        "lines": [
          0,
          null,
          null,
          null,
          0,
          0,
          0,
          0,
          0,
          0,
          0,
          0,
          0
        ],
        "branches": {
        }
      },
      "/Users/stillymonster/3Mod/3mod_work/BE_APP/app/jobs/application_job.rb": {
        "lines": [
          0,
          null,
          null,
          null,
          null,
          null,
          0
        ],
        "branches": {
        }
      },
      "/Users/stillymonster/3Mod/3mod_work/BE_APP/app/mailers/application_mailer.rb": {
        "lines": [
          0,
          0,
          0,
          0
        ],
        "branches": {
        }
      },
      "/Users/stillymonster/3Mod/3mod_work/BE_APP/app/models/application_record.rb": {
        "lines": [
          0,
          0,
          0
        ],
        "branches": {
        }
      },
      "/Users/stillymonster/3Mod/3mod_work/BE_APP/app/models/user.rb": {
        "lines": [
          0,
          0,
          null,
          0,
          0,
          0,
          0,
          0,
          0,
          0
        ],
        "branches": {
        }
      },
      "/Users/stillymonster/3Mod/3mod_work/BE_APP/app/poros/market.rb": {
        "lines": [
          0,
          0,
          0,
          0,
          0,
          0,
          0,
          0,
          0,
          0,
          0,
          0,
          0,
          0,
          0,
          0,
          0,
          0,
          0,
          0,
          0,
          0
        ],
        "branches": {
        }
      },
      "/Users/stillymonster/3Mod/3mod_work/BE_APP/app/poros/transit_route.rb": {
        "lines": [
          0,
          0,
          null,
          0,
          0,
          0,
          0,
          0,
          0,
          0,
          0
        ],
        "branches": {
        }
      },
      "/Users/stillymonster/3Mod/3mod_work/BE_APP/app/serializers/market_serializer.rb": {
        "lines": [
          0,
          0,
          0,
          0,
          0,
          0,
          0,
          0,
          0,
          0,
          0,
          0
        ],
        "branches": {
        }
      },
      "/Users/stillymonster/3Mod/3mod_work/BE_APP/app/serializers/transit_serializer.rb": {
        "lines": [
          0,
          0,
          null,
          0,
          null,
          0,
          0,
          0,
          0,
          0,
          0,
          0,
          null,
          0,
          0,
          0,
          0,
          0,
          0,
          0,
          null,
          0,
          0,
          0,
          0,
          0,
          0,
          0,
          0,
          0,
          0,
          0,
          0,
          0,
          0,
          0,
          0,
          0,
          null,
          0,
          0,
          0,
          0,
          0,
          0,
          0,
          0
        ],
        "branches": {
        }
      },
      "/Users/stillymonster/3Mod/3mod_work/BE_APP/app/services/transit_service.rb": {
        "lines": [
          0,
          0,
          0,
          0,
          0,
          0,
          null,
          0,
          0,
          0,
          0,
          null,
          0,
          0,
          0,
          null,
          null,
          null,
          null,
          null,
          0,
          null,
          null,
          null
        ],
        "branches": {
        }
      }
    },
    "timestamp": 1690586719
  }
}
