{
  "RSpec": {
    "coverage": {
      "/Users/kimbergstrom/Turing/3mod/projects/food_haven_BE_app/app/helpers/application_helper.rb": {
        "lines": [
          1,
          null
        ]
      },
      "/Users/kimbergstrom/Turing/3mod/projects/food_haven_BE_app/app/helpers/users_helper.rb": {
        "lines": [
          1,
          null
        ]
      },
      "/Users/kimbergstrom/Turing/3mod/projects/food_haven_BE_app/app/services/transit_service.rb": {
        "lines": [
          1,
          1,
          1,
          1,
          null,
          null,
          null,
          1,
          1,
          0,
          null,
          null,
          null,
          null,
          null
        ]
      },
      "/Users/kimbergstrom/Turing/3mod/projects/food_haven_BE_app/app/channels/application_cable/channel.rb": {
        "lines": [
          0,
          0,
          0,
          0
        ],
        "branches": {
        }
      },
      "/Users/kimbergstrom/Turing/3mod/projects/food_haven_BE_app/app/channels/application_cable/connection.rb": {
        "lines": [
          0,
          0,
          0,
          0
        ],
        "branches": {
        }
      },
      "/Users/kimbergstrom/Turing/3mod/projects/food_haven_BE_app/app/controllers/application_controller.rb": {
        "lines": [
          0,
          0
        ],
        "branches": {
        }
      },
      "/Users/kimbergstrom/Turing/3mod/projects/food_haven_BE_app/app/controllers/users_controller.rb": {
        "lines": [
          0,
          0
        ],
        "branches": {
        }
      },
      "/Users/kimbergstrom/Turing/3mod/projects/food_haven_BE_app/app/jobs/application_job.rb": {
        "lines": [
          0,
          null,
          null,
          null,
          null,
          null,
          0
        ],
        "branches": {
        }
      },
      "/Users/kimbergstrom/Turing/3mod/projects/food_haven_BE_app/app/mailers/application_mailer.rb": {
        "lines": [
          0,
          0,
          0,
          0
        ],
        "branches": {
        }
      },
      "/Users/kimbergstrom/Turing/3mod/projects/food_haven_BE_app/app/models/application_record.rb": {
        "lines": [
          0,
          0,
          0
        ],
        "branches": {
        }
      },
      "/Users/kimbergstrom/Turing/3mod/projects/food_haven_BE_app/app/models/user.rb": {
        "lines": [
          0,
          0,
          null,
          0,
          0,
          0,
          0,
          0,
          0,
          0
        ],
        "branches": {
        }
      }
    },
    "timestamp": 1690412396
  }
}
